<?xml version="1.0" encoding="UTF-8"?>
<!-- Generated by org.testng.reporters.JUnitXMLReporter -->
<testsuite ignored="0" hostname="DESKTOP-7EUDCAL" failures="0" tests="4" name="SauceTests" time="19.232" errors="0" timestamp="2025-08-22T07:31:59 IST">
  <testcase classname="tests.LoginTest" name="validLogin" time="0.556"/>
  <testcase classname="tests.LoginTest" name="invalidLogin" time="0.568"/>
  <testcase classname="tests.HomeTest" name="addToCart" time="2.322"/>
  <testcase classname="tests.HomeTest" name="filterSelection" time="2.198"/>
</testsuite> <!-- SauceTests -->
