<?xml version="1.0" encoding="UTF-8"?>
<testng-results ignored="0" total="2" passed="2" failed="0" skipped="0">
  <reporter-output>
  </reporter-output>
  <suite started-at="2025-08-19T07:23:27 IST" name="Default suite" finished-at="2025-08-19T07:23:27 IST" duration-ms="83">
    <groups>
    </groups>
    <test started-at="2025-08-19T07:23:27 IST" name="Default test" finished-at="2025-08-19T07:23:27 IST" duration-ms="83">
      <class name="AnnotatiosEx.ignoreTests">
        <test-method signature="method2()[pri:0, instance:AnnotatiosEx.ignoreTests@5f9b2141]" started-at="2025-08-19T07:23:27 IST" name="method2" finished-at="2025-08-19T07:23:27 IST" duration-ms="13" status="PASS">
          <reporter-output>
          </reporter-output>
        </test-method> <!-- method2 -->
        <test-method signature="method3()[pri:0, instance:AnnotatiosEx.ignoreTests@5f9b2141]" started-at="2025-08-19T07:23:27 IST" name="method3" finished-at="2025-08-19T07:23:27 IST" duration-ms="2" status="PASS">
          <reporter-output>
          </reporter-output>
        </test-method> <!-- method3 -->
      </class> <!-- AnnotatiosEx.ignoreTests -->
    </test> <!-- Default test -->
  </suite> <!-- Default suite -->
</testng-results>
