<?xml version="1.0" encoding="UTF-8"?>
<testng-results ignored="0" total="1" passed="1" failed="0" skipped="0">
  <reporter-output>
  </reporter-output>
  <suite started-at="2025-08-13T21:18:44 IST" name="Suite" finished-at="2025-08-13T21:19:15 IST" duration-ms="31149">
    <groups>
    </groups>
    <test started-at="2025-08-13T21:18:44 IST" name="Test" finished-at="2025-08-13T21:19:15 IST" duration-ms="31149">
      <class name="SauceLabsTests.TestRunnerTest">
        <test-method signature="exe()[pri:0, instance:SauceLabsTests.TestRunnerTest@4229bb3f]" started-at="2025-08-13T21:18:44 IST" name="exe" finished-at="2025-08-13T21:19:15 IST" duration-ms="31055" status="PASS">
          <reporter-output>
          </reporter-output>
        </test-method> <!-- exe -->
      </class> <!-- SauceLabsTests.TestRunnerTest -->
    </test> <!-- Test -->
  </suite> <!-- Suite -->
</testng-results>
