<?xml version="1.0" encoding="UTF-8"?>
<testng-results ignored="0" total="4" passed="4" failed="0" skipped="0">
  <reporter-output>
  </reporter-output>
  <suite started-at="2025-08-22T07:31:40 IST" name="SauceSuite" finished-at="2025-08-22T07:31:59 IST" duration-ms="19232">
    <groups>
    </groups>
    <test started-at="2025-08-22T07:31:40 IST" name="SauceTests" finished-at="2025-08-22T07:31:59 IST" duration-ms="19232">
      <class name="tests.LoginTest">
        <test-method is-config="true" signature="init()[pri:0, instance:tests.LoginTest@f5acb9d]" started-at="2025-08-22T07:31:40 IST" name="init" finished-at="2025-08-22T07:31:43 IST" duration-ms="3206" status="PASS">
          <reporter-output>
          </reporter-output>
        </test-method> <!-- init -->
        <test-method signature="validLogin()[pri:1, instance:tests.LoginTest@f5acb9d]" started-at="2025-08-22T07:31:43 IST" name="validLogin" finished-at="2025-08-22T07:31:44 IST" duration-ms="556" status="PASS">
          <reporter-output>
          </reporter-output>
        </test-method> <!-- validLogin -->
        <test-method is-config="true" signature="teardown()[pri:0, instance:tests.LoginTest@f5acb9d]" started-at="2025-08-22T07:31:44 IST" name="teardown" finished-at="2025-08-22T07:31:44 IST" duration-ms="752" status="PASS">
          <reporter-output>
          </reporter-output>
        </test-method> <!-- teardown -->
        <test-method is-config="true" signature="init()[pri:0, instance:tests.LoginTest@f5acb9d]" started-at="2025-08-22T07:31:44 IST" name="init" finished-at="2025-08-22T07:31:47 IST" duration-ms="2269" status="PASS">
          <reporter-output>
          </reporter-output>
        </test-method> <!-- init -->
        <test-method signature="invalidLogin()[pri:2, instance:tests.LoginTest@f5acb9d]" started-at="2025-08-22T07:31:47 IST" name="invalidLogin" finished-at="2025-08-22T07:31:47 IST" duration-ms="568" status="PASS">
          <reporter-output>
          </reporter-output>
        </test-method> <!-- invalidLogin -->
        <test-method is-config="true" signature="teardown()[pri:0, instance:tests.LoginTest@f5acb9d]" started-at="2025-08-22T07:31:47 IST" name="teardown" finished-at="2025-08-22T07:31:48 IST" duration-ms="374" status="PASS">
          <reporter-output>
          </reporter-output>
        </test-method> <!-- teardown -->
      </class> <!-- tests.LoginTest -->
      <class name="tests.HomeTest">
        <test-method is-config="true" signature="init()[pri:0, instance:tests.HomeTest@67f639d3]" started-at="2025-08-22T07:31:48 IST" name="init" finished-at="2025-08-22T07:31:50 IST" duration-ms="2781" status="PASS">
          <reporter-output>
          </reporter-output>
        </test-method> <!-- init -->
        <test-method signature="addToCart()[pri:0, instance:tests.HomeTest@67f639d3]" started-at="2025-08-22T07:31:50 IST" name="addToCart" finished-at="2025-08-22T07:31:53 IST" duration-ms="2322" status="PASS">
          <reporter-output>
          </reporter-output>
        </test-method> <!-- addToCart -->
        <test-method is-config="true" signature="teardown()[pri:0, instance:tests.HomeTest@67f639d3]" started-at="2025-08-22T07:31:53 IST" name="teardown" finished-at="2025-08-22T07:31:53 IST" duration-ms="435" status="PASS">
          <reporter-output>
          </reporter-output>
        </test-method> <!-- teardown -->
        <test-method is-config="true" signature="init()[pri:0, instance:tests.HomeTest@67f639d3]" started-at="2025-08-22T07:31:53 IST" name="init" finished-at="2025-08-22T07:31:56 IST" duration-ms="3219" status="PASS">
          <reporter-output>
          </reporter-output>
        </test-method> <!-- init -->
        <test-method signature="filterSelection()[pri:0, instance:tests.HomeTest@67f639d3]" started-at="2025-08-22T07:31:56 IST" name="filterSelection" finished-at="2025-08-22T07:31:58 IST" duration-ms="2198" status="PASS">
          <reporter-output>
          </reporter-output>
        </test-method> <!-- filterSelection -->
        <test-method is-config="true" signature="teardown()[pri:0, instance:tests.HomeTest@67f639d3]" started-at="2025-08-22T07:31:59 IST" name="teardown" finished-at="2025-08-22T07:31:59 IST" duration-ms="434" status="PASS">
          <reporter-output>
          </reporter-output>
        </test-method> <!-- teardown -->
      </class> <!-- tests.HomeTest -->
    </test> <!-- SauceTests -->
  </suite> <!-- SauceSuite -->
</testng-results>
