<?xml version="1.0" encoding="UTF-8"?>
<!-- Generated by org.testng.reporters.JUnitXMLReporter -->
<testsuite ignored="0" hostname="DESKTOP-7EUDCAL" failures="0" tests="3" name="Default test" time="19.591" errors="0" timestamp="2025-08-20T07:15:27 IST">
  <testcase classname="ParalleEx.ParallelEx" name="loginSession1" time="7.411"/>
  <testcase classname="ParalleEx.ParallelEx" name="loginSession2" time="5.845"/>
  <testcase classname="ParalleEx.ParallelEx" name="loginSession3" time="6.255"/>
</testsuite> <!-- Default test -->
