<?xml version="1.0" encoding="UTF-8"?>
<!-- Generated by org.testng.reporters.JUnitXMLReporter -->
<testsuite ignored="0" hostname="DESKTOP-7EUDCAL" failures="0" tests="4" name="SauceTest" time="24.17" errors="0" timestamp="2025-08-20T07:02:23 IST">
  <testcase classname="SauceTests.LoginTest" name="invalidlogin" time="6.895"/>
  <testcase classname="SauceTests.LoginTest" name="validlogin" time="5.673"/>
  <testcase classname="SauceTests.CartTest" name="addtocart" time="4.229"/>
  <testcase classname="SauceTests.LogoutTest" name="logout" time="7.302"/>
</testsuite> <!-- SauceTest -->
